Info: *******************************************************************
Info: Running Quartus Prime Analysis & Synthesis
    Info: Version 20.1.1 Build 720 11/11/2020 SJ Standard Edition
    Info: Copyright (C) 2020  Intel Corporation. All rights reserved.
    Info: Your use of Intel Corporation's design tools, logic functions 
    Info: and other software and tools, and any partner logic 
    Info: functions, and any output files from any of the foregoing 
    Info: (including device programming or simulation files), and any 
    Info: associated documentation or information are expressly subject 
    Info: to the terms and conditions of the Intel Program License 
    Info: Subscription Agreement, the Intel Quartus Prime License Agreement,
    Info: the Intel FPGA IP License Agreement, or other applicable license
    Info: agreement, including, without limitation, that your use is for
    Info: the sole purpose of programming logic devices manufactured by
    Info: Intel and sold by Intel or its authorized distributors.  Please
    Info: refer to the applicable agreement for further details, at
    Info: https://fpgasoftware.intel.com/eula.
    Info: Processing started: Mon Dec  6 14:49:36 2021
Info: Command: quartus_map --read_settings_files=on --write_settings_files=off toolflow -c toolflow
Info (125068): Revision "toolflow" was previously opened in Quartus II software version 18.0.0 Standard Edition. Created Quartus Prime Default Settings File /home/bjheinen/cpre381/CPRE-381-Project-main/cpre-381-toolflow-fall-2021-v5/internal/QuartusWork/toolflow_assignment_defaults.qdf, which contains the default assignment setting information from Quartus II software version 18.0.0 Standard Edition.
Info (125069): Default assignment values were changed in the current version of the Quartus Prime software -- changes to default assignments values are contained in file /usr/local/usr/local/quartus/20.1/quartus/linux64/assignment_defaults.qdf
Warning (18236): Number of processors has not been specified which may cause overloading on shared machines.  Set the global assignment NUM_PARALLEL_PROCESSORS in your QSF to an appropriate value for best performance.
Info (20030): Parallel compilation is enabled and will use 4 of the 4 processors detected
Info (12021): Found 2 design units, including 1 entities, in source file /home/bjheinen/cpre381/CPRE-381-Project-main/cpre-381-toolflow-fall-2021-v5/src/ALU.vhd
    Info (12022): Found design unit 1: ALU-structural File: /home/bjheinen/cpre381/CPRE-381-Project-main/cpre-381-toolflow-fall-2021-v5/src/ALU.vhd Line: 30
    Info (12023): Found entity 1: ALU File: /home/bjheinen/cpre381/CPRE-381-Project-main/cpre-381-toolflow-fall-2021-v5/src/ALU.vhd Line: 21
Info (12021): Found 2 design units, including 1 entities, in source file /home/bjheinen/cpre381/CPRE-381-Project-main/cpre-381-toolflow-fall-2021-v5/src/ALU_contr.vhd
    Info (12022): Found design unit 1: ALU_contr-dataflow File: /home/bjheinen/cpre381/CPRE-381-Project-main/cpre-381-toolflow-fall-2021-v5/src/ALU_contr.vhd Line: 11
    Info (12023): Found entity 1: ALU_contr File: /home/bjheinen/cpre381/CPRE-381-Project-main/cpre-381-toolflow-fall-2021-v5/src/ALU_contr.vhd Line: 5
Info (12021): Found 2 design units, including 1 entities, in source file /home/bjheinen/cpre381/CPRE-381-Project-main/cpre-381-toolflow-fall-2021-v5/src/Control_Logic.vhd
    Info (12022): Found design unit 1: Control_Logic-dataflow File: /home/bjheinen/cpre381/CPRE-381-Project-main/cpre-381-toolflow-fall-2021-v5/src/Control_Logic.vhd Line: 26
    Info (12023): Found entity 1: Control_Logic File: /home/bjheinen/cpre381/CPRE-381-Project-main/cpre-381-toolflow-fall-2021-v5/src/Control_Logic.vhd Line: 6
Info (12021): Found 2 design units, including 1 entities, in source file /home/bjheinen/cpre381/CPRE-381-Project-main/cpre-381-toolflow-fall-2021-v5/src/EX_MEM.vhd
    Info (12022): Found design unit 1: EX_MEM_reg-structural File: /home/bjheinen/cpre381/CPRE-381-Project-main/cpre-381-toolflow-fall-2021-v5/src/EX_MEM.vhd Line: 48
    Info (12023): Found entity 1: EX_MEM_reg File: /home/bjheinen/cpre381/CPRE-381-Project-main/cpre-381-toolflow-fall-2021-v5/src/EX_MEM.vhd Line: 4
Info (12021): Found 2 design units, including 1 entities, in source file /home/bjheinen/cpre381/CPRE-381-Project-main/cpre-381-toolflow-fall-2021-v5/src/ID_EX_Reg.vhd
    Info (12022): Found design unit 1: ID_EX_reg-structural File: /home/bjheinen/cpre381/CPRE-381-Project-main/cpre-381-toolflow-fall-2021-v5/src/ID_EX_Reg.vhd Line: 62
    Info (12023): Found entity 1: ID_EX_reg File: /home/bjheinen/cpre381/CPRE-381-Project-main/cpre-381-toolflow-fall-2021-v5/src/ID_EX_Reg.vhd Line: 5
Info (12021): Found 2 design units, including 1 entities, in source file /home/bjheinen/cpre381/CPRE-381-Project-main/cpre-381-toolflow-fall-2021-v5/src/IF_ID_Reg.vhd
    Info (12022): Found design unit 1: IF_ID_reg-structural File: /home/bjheinen/cpre381/CPRE-381-Project-main/cpre-381-toolflow-fall-2021-v5/src/IF_ID_Reg.vhd Line: 14
    Info (12023): Found entity 1: IF_ID_reg File: /home/bjheinen/cpre381/CPRE-381-Project-main/cpre-381-toolflow-fall-2021-v5/src/IF_ID_Reg.vhd Line: 4
Info (12021): Found 2 design units, including 1 entities, in source file /home/bjheinen/cpre381/CPRE-381-Project-main/cpre-381-toolflow-fall-2021-v5/src/MEM_WB_Reg.vhd
    Info (12022): Found design unit 1: MEM_WB_reg-structural File: /home/bjheinen/cpre381/CPRE-381-Project-main/cpre-381-toolflow-fall-2021-v5/src/MEM_WB_Reg.vhd Line: 37
    Info (12023): Found entity 1: MEM_WB_reg File: /home/bjheinen/cpre381/CPRE-381-Project-main/cpre-381-toolflow-fall-2021-v5/src/MEM_WB_Reg.vhd Line: 4
Info (12021): Found 2 design units, including 1 entities, in source file /home/bjheinen/cpre381/CPRE-381-Project-main/cpre-381-toolflow-fall-2021-v5/src/MIPS_Processor.vhd
    Info (12022): Found design unit 1: MIPS_Processor-structure File: /home/bjheinen/cpre381/CPRE-381-Project-main/cpre-381-toolflow-fall-2021-v5/src/MIPS_Processor.vhd Line: 30
    Info (12023): Found entity 1: MIPS_Processor File: /home/bjheinen/cpre381/CPRE-381-Project-main/cpre-381-toolflow-fall-2021-v5/src/MIPS_Processor.vhd Line: 19
Info (12021): Found 2 design units, including 1 entities, in source file /home/bjheinen/cpre381/CPRE-381-Project-main/cpre-381-toolflow-fall-2021-v5/src/PCReg.vhd
    Info (12022): Found design unit 1: pc-mixed File: /home/bjheinen/cpre381/CPRE-381-Project-main/cpre-381-toolflow-fall-2021-v5/src/PCReg.vhd Line: 33
    Info (12023): Found entity 1: pc File: /home/bjheinen/cpre381/CPRE-381-Project-main/cpre-381-toolflow-fall-2021-v5/src/PCReg.vhd Line: 23
Info (12021): Found 2 design units, including 1 entities, in source file /home/bjheinen/cpre381/CPRE-381-Project-main/cpre-381-toolflow-fall-2021-v5/src/adder.vhd
    Info (12022): Found design unit 1: adder-structure File: /home/bjheinen/cpre381/CPRE-381-Project-main/cpre-381-toolflow-fall-2021-v5/src/adder.vhd Line: 32
    Info (12023): Found entity 1: adder File: /home/bjheinen/cpre381/CPRE-381-Project-main/cpre-381-toolflow-fall-2021-v5/src/adder.vhd Line: 22
Info (12021): Found 2 design units, including 1 entities, in source file /home/bjheinen/cpre381/CPRE-381-Project-main/cpre-381-toolflow-fall-2021-v5/src/adder_N.vhd
    Info (12022): Found design unit 1: adder_N-structure File: /home/bjheinen/cpre381/CPRE-381-Project-main/cpre-381-toolflow-fall-2021-v5/src/adder_N.vhd Line: 32
    Info (12023): Found entity 1: adder_N File: /home/bjheinen/cpre381/CPRE-381-Project-main/cpre-381-toolflow-fall-2021-v5/src/adder_N.vhd Line: 22
Info (12021): Found 2 design units, including 1 entities, in source file /home/bjheinen/cpre381/CPRE-381-Project-main/cpre-381-toolflow-fall-2021-v5/src/addsub_N.vhd
    Info (12022): Found design unit 1: addsub_N-structure File: /home/bjheinen/cpre381/CPRE-381-Project-main/cpre-381-toolflow-fall-2021-v5/src/addsub_N.vhd Line: 32
    Info (12023): Found entity 1: addsub_N File: /home/bjheinen/cpre381/CPRE-381-Project-main/cpre-381-toolflow-fall-2021-v5/src/addsub_N.vhd Line: 20
Info (12021): Found 2 design units, including 1 entities, in source file /home/bjheinen/cpre381/CPRE-381-Project-main/cpre-381-toolflow-fall-2021-v5/src/andg2.vhd
    Info (12022): Found design unit 1: andg2-dataflow File: /home/bjheinen/cpre381/CPRE-381-Project-main/cpre-381-toolflow-fall-2021-v5/src/andg2.vhd Line: 31
    Info (12023): Found entity 1: andg2 File: /home/bjheinen/cpre381/CPRE-381-Project-main/cpre-381-toolflow-fall-2021-v5/src/andg2.vhd Line: 23
Info (12021): Found 2 design units, including 1 entities, in source file /home/bjheinen/cpre381/CPRE-381-Project-main/cpre-381-toolflow-fall-2021-v5/src/barrelShifter.vhd
    Info (12022): Found design unit 1: barrelShifter-structural File: /home/bjheinen/cpre381/CPRE-381-Project-main/cpre-381-toolflow-fall-2021-v5/src/barrelShifter.vhd Line: 15
    Info (12023): Found entity 1: barrelShifter File: /home/bjheinen/cpre381/CPRE-381-Project-main/cpre-381-toolflow-fall-2021-v5/src/barrelShifter.vhd Line: 5
Info (12021): Found 2 design units, including 1 entities, in source file /home/bjheinen/cpre381/CPRE-381-Project-main/cpre-381-toolflow-fall-2021-v5/src/bitExtender.vhd
    Info (12022): Found design unit 1: bitExtender-behavioral File: /home/bjheinen/cpre381/CPRE-381-Project-main/cpre-381-toolflow-fall-2021-v5/src/bitExtender.vhd Line: 26
    Info (12023): Found entity 1: bitExtender File: /home/bjheinen/cpre381/CPRE-381-Project-main/cpre-381-toolflow-fall-2021-v5/src/bitExtender.vhd Line: 20
Info (12021): Found 2 design units, including 1 entities, in source file /home/bjheinen/cpre381/CPRE-381-Project-main/cpre-381-toolflow-fall-2021-v5/src/bitFlipper.vhd
    Info (12022): Found design unit 1: bitFlipper-structural File: /home/bjheinen/cpre381/CPRE-381-Project-main/cpre-381-toolflow-fall-2021-v5/src/bitFlipper.vhd Line: 27
    Info (12023): Found entity 1: bitFlipper File: /home/bjheinen/cpre381/CPRE-381-Project-main/cpre-381-toolflow-fall-2021-v5/src/bitFlipper.vhd Line: 20
Info (12021): Found 2 design units, including 1 entities, in source file /home/bjheinen/cpre381/CPRE-381-Project-main/cpre-381-toolflow-fall-2021-v5/src/dffg.vhd
    Info (12022): Found design unit 1: dffg-mixed File: /home/bjheinen/cpre381/CPRE-381-Project-main/cpre-381-toolflow-fall-2021-v5/src/dffg.vhd Line: 33
    Info (12023): Found entity 1: dffg File: /home/bjheinen/cpre381/CPRE-381-Project-main/cpre-381-toolflow-fall-2021-v5/src/dffg.vhd Line: 23
Info (12021): Found 2 design units, including 1 entities, in source file /home/bjheinen/cpre381/CPRE-381-Project-main/cpre-381-toolflow-fall-2021-v5/src/dffg_N.vhd
    Info (12022): Found design unit 1: dffg_N-structural File: /home/bjheinen/cpre381/CPRE-381-Project-main/cpre-381-toolflow-fall-2021-v5/src/dffg_N.vhd Line: 15
    Info (12023): Found entity 1: dffg_N File: /home/bjheinen/cpre381/CPRE-381-Project-main/cpre-381-toolflow-fall-2021-v5/src/dffg_N.vhd Line: 5
Info (12021): Found 2 design units, including 1 entities, in source file /home/bjheinen/cpre381/CPRE-381-Project-main/cpre-381-toolflow-fall-2021-v5/src/equalsZero.vhd
    Info (12022): Found design unit 1: equalsZero-dataflow File: /home/bjheinen/cpre381/CPRE-381-Project-main/cpre-381-toolflow-fall-2021-v5/src/equalsZero.vhd Line: 11
    Info (12023): Found entity 1: equalsZero File: /home/bjheinen/cpre381/CPRE-381-Project-main/cpre-381-toolflow-fall-2021-v5/src/equalsZero.vhd Line: 4
Info (12021): Found 2 design units, including 1 entities, in source file /home/bjheinen/cpre381/CPRE-381-Project-main/cpre-381-toolflow-fall-2021-v5/src/fetchLogic.vhd
    Info (12022): Found design unit 1: fetchLogic-structural File: /home/bjheinen/cpre381/CPRE-381-Project-main/cpre-381-toolflow-fall-2021-v5/src/fetchLogic.vhd Line: 29
    Info (12023): Found entity 1: fetchLogic File: /home/bjheinen/cpre381/CPRE-381-Project-main/cpre-381-toolflow-fall-2021-v5/src/fetchLogic.vhd Line: 20
Info (12021): Found 2 design units, including 1 entities, in source file /home/bjheinen/cpre381/CPRE-381-Project-main/cpre-381-toolflow-fall-2021-v5/src/fiveTo32Decoder.vhd
    Info (12022): Found design unit 1: fiveTo32Decoder-mixed File: /home/bjheinen/cpre381/CPRE-381-Project-main/cpre-381-toolflow-fall-2021-v5/src/fiveTo32Decoder.vhd Line: 25
    Info (12023): Found entity 1: fiveTo32Decoder File: /home/bjheinen/cpre381/CPRE-381-Project-main/cpre-381-toolflow-fall-2021-v5/src/fiveTo32Decoder.vhd Line: 20
Info (12021): Found 2 design units, including 1 entities, in source file /home/bjheinen/cpre381/CPRE-381-Project-main/cpre-381-toolflow-fall-2021-v5/src/invg.vhd
    Info (12022): Found design unit 1: invg-dataflow File: /home/bjheinen/cpre381/CPRE-381-Project-main/cpre-381-toolflow-fall-2021-v5/src/invg.vhd Line: 30
    Info (12023): Found entity 1: invg File: /home/bjheinen/cpre381/CPRE-381-Project-main/cpre-381-toolflow-fall-2021-v5/src/invg.vhd Line: 23
Info (12021): Found 2 design units, including 1 entities, in source file /home/bjheinen/cpre381/CPRE-381-Project-main/cpre-381-toolflow-fall-2021-v5/src/invg_N.vhd
    Info (12022): Found design unit 1: invg_N-structure File: /home/bjheinen/cpre381/CPRE-381-Project-main/cpre-381-toolflow-fall-2021-v5/src/invg_N.vhd Line: 28
    Info (12023): Found entity 1: invg_N File: /home/bjheinen/cpre381/CPRE-381-Project-main/cpre-381-toolflow-fall-2021-v5/src/invg_N.vhd Line: 21
Info (12021): Found 2 design units, including 1 entities, in source file /home/bjheinen/cpre381/CPRE-381-Project-main/cpre-381-toolflow-fall-2021-v5/src/mem.vhd
    Info (12022): Found design unit 1: mem-rtl File: /home/bjheinen/cpre381/CPRE-381-Project-main/cpre-381-toolflow-fall-2021-v5/src/mem.vhd Line: 27
    Info (12023): Found entity 1: mem File: /home/bjheinen/cpre381/CPRE-381-Project-main/cpre-381-toolflow-fall-2021-v5/src/mem.vhd Line: 8
Info (12021): Found 2 design units, including 1 entities, in source file /home/bjheinen/cpre381/CPRE-381-Project-main/cpre-381-toolflow-fall-2021-v5/src/mux16to1_N.vhd
    Info (12022): Found design unit 1: mux16to1_N-structural File: /home/bjheinen/cpre381/CPRE-381-Project-main/cpre-381-toolflow-fall-2021-v5/src/mux16to1_N.vhd Line: 43
    Info (12023): Found entity 1: mux16to1_N File: /home/bjheinen/cpre381/CPRE-381-Project-main/cpre-381-toolflow-fall-2021-v5/src/mux16to1_N.vhd Line: 20
Info (12021): Found 2 design units, including 1 entities, in source file /home/bjheinen/cpre381/CPRE-381-Project-main/cpre-381-toolflow-fall-2021-v5/src/mux2to1.vhd
    Info (12022): Found design unit 1: mux2to1-structure File: /home/bjheinen/cpre381/CPRE-381-Project-main/cpre-381-toolflow-fall-2021-v5/src/mux2to1.vhd Line: 26
    Info (12023): Found entity 1: mux2to1 File: /home/bjheinen/cpre381/CPRE-381-Project-main/cpre-381-toolflow-fall-2021-v5/src/mux2to1.vhd Line: 17
Info (12021): Found 2 design units, including 1 entities, in source file /home/bjheinen/cpre381/CPRE-381-Project-main/cpre-381-toolflow-fall-2021-v5/src/mux2to1_N.vhd
    Info (12022): Found design unit 1: mux2to1_N-structural File: /home/bjheinen/cpre381/CPRE-381-Project-main/cpre-381-toolflow-fall-2021-v5/src/mux2to1_N.vhd Line: 31
    Info (12023): Found entity 1: mux2to1_N File: /home/bjheinen/cpre381/CPRE-381-Project-main/cpre-381-toolflow-fall-2021-v5/src/mux2to1_N.vhd Line: 21
Info (12021): Found 2 design units, including 1 entities, in source file /home/bjheinen/cpre381/CPRE-381-Project-main/cpre-381-toolflow-fall-2021-v5/src/mux32to1_N.vhd
    Info (12022): Found design unit 1: mux32to1_N-structural File: /home/bjheinen/cpre381/CPRE-381-Project-main/cpre-381-toolflow-fall-2021-v5/src/mux32to1_N.vhd Line: 59
    Info (12023): Found entity 1: mux32to1_N File: /home/bjheinen/cpre381/CPRE-381-Project-main/cpre-381-toolflow-fall-2021-v5/src/mux32to1_N.vhd Line: 20
Info (12021): Found 2 design units, including 1 entities, in source file /home/bjheinen/cpre381/CPRE-381-Project-main/cpre-381-toolflow-fall-2021-v5/src/mux4to1_N.vhd
    Info (12022): Found design unit 1: mux4to1_N-structural File: /home/bjheinen/cpre381/CPRE-381-Project-main/cpre-381-toolflow-fall-2021-v5/src/mux4to1_N.vhd Line: 30
    Info (12023): Found entity 1: mux4to1_N File: /home/bjheinen/cpre381/CPRE-381-Project-main/cpre-381-toolflow-fall-2021-v5/src/mux4to1_N.vhd Line: 20
Info (12021): Found 2 design units, including 1 entities, in source file /home/bjheinen/cpre381/CPRE-381-Project-main/cpre-381-toolflow-fall-2021-v5/src/org2.vhd
    Info (12022): Found design unit 1: org2-dataflow File: /home/bjheinen/cpre381/CPRE-381-Project-main/cpre-381-toolflow-fall-2021-v5/src/org2.vhd Line: 31
    Info (12023): Found entity 1: org2 File: /home/bjheinen/cpre381/CPRE-381-Project-main/cpre-381-toolflow-fall-2021-v5/src/org2.vhd Line: 23
Info (12021): Found 2 design units, including 1 entities, in source file /home/bjheinen/cpre381/CPRE-381-Project-main/cpre-381-toolflow-fall-2021-v5/src/registerFile.vhd
    Info (12022): Found design unit 1: registerFile-structural File: /home/bjheinen/cpre381/CPRE-381-Project-main/cpre-381-toolflow-fall-2021-v5/src/registerFile.vhd Line: 32
    Info (12023): Found entity 1: registerFile File: /home/bjheinen/cpre381/CPRE-381-Project-main/cpre-381-toolflow-fall-2021-v5/src/registerFile.vhd Line: 20
Info (12021): Found 2 design units, including 1 entities, in source file /home/bjheinen/cpre381/CPRE-381-Project-main/cpre-381-toolflow-fall-2021-v5/src/register_N.vhd
    Info (12022): Found design unit 1: register_N-structural File: /home/bjheinen/cpre381/CPRE-381-Project-main/cpre-381-toolflow-fall-2021-v5/src/register_N.vhd Line: 30
    Info (12023): Found entity 1: register_N File: /home/bjheinen/cpre381/CPRE-381-Project-main/cpre-381-toolflow-fall-2021-v5/src/register_N.vhd Line: 20
Info (12021): Found 2 design units, including 1 entities, in source file /home/bjheinen/cpre381/CPRE-381-Project-main/cpre-381-toolflow-fall-2021-v5/src/repl_qb.vhd
    Info (12022): Found design unit 1: repl_qb-dataflow File: /home/bjheinen/cpre381/CPRE-381-Project-main/cpre-381-toolflow-fall-2021-v5/src/repl_qb.vhd Line: 10
    Info (12023): Found entity 1: repl_qb File: /home/bjheinen/cpre381/CPRE-381-Project-main/cpre-381-toolflow-fall-2021-v5/src/repl_qb.vhd Line: 4
Info (12021): Found 2 design units, including 1 entities, in source file /home/bjheinen/cpre381/CPRE-381-Project-main/cpre-381-toolflow-fall-2021-v5/src/rightBarrelShifter.vhd
    Info (12022): Found design unit 1: rightBarrelShifter-structural File: /home/bjheinen/cpre381/CPRE-381-Project-main/cpre-381-toolflow-fall-2021-v5/src/rightBarrelShifter.vhd Line: 19
    Info (12023): Found entity 1: rightBarrelShifter File: /home/bjheinen/cpre381/CPRE-381-Project-main/cpre-381-toolflow-fall-2021-v5/src/rightBarrelShifter.vhd Line: 6
Info (12021): Found 2 design units, including 1 entities, in source file /home/bjheinen/cpre381/CPRE-381-Project-main/cpre-381-toolflow-fall-2021-v5/src/xorg2.vhd
    Info (12022): Found design unit 1: xorg2-dataflow File: /home/bjheinen/cpre381/CPRE-381-Project-main/cpre-381-toolflow-fall-2021-v5/src/xorg2.vhd Line: 31
    Info (12023): Found entity 1: xorg2 File: /home/bjheinen/cpre381/CPRE-381-Project-main/cpre-381-toolflow-fall-2021-v5/src/xorg2.vhd Line: 23
Info (12127): Elaborating entity "MIPS_Processor" for the top level hierarchy
Warning (10036): Verilog HDL or VHDL warning at MIPS_Processor.vhd(55): object "s_Halt" assigned a value but never read File: /home/bjheinen/cpre381/CPRE-381-Project-main/cpre-381-toolflow-fall-2021-v5/src/MIPS_Processor.vhd Line: 55
Warning (10036): Verilog HDL or VHDL warning at MIPS_Processor.vhd(58): object "s_Ovfl" assigned a value but never read File: /home/bjheinen/cpre381/CPRE-381-Project-main/cpre-381-toolflow-fall-2021-v5/src/MIPS_Processor.vhd Line: 58
Warning (10036): Verilog HDL or VHDL warning at MIPS_Processor.vhd(93): object "s_Throw" assigned a value but never read File: /home/bjheinen/cpre381/CPRE-381-Project-main/cpre-381-toolflow-fall-2021-v5/src/MIPS_Processor.vhd Line: 93
Warning (10036): Verilog HDL or VHDL warning at MIPS_Processor.vhd(139): object "ss_branchNot" assigned a value but never read File: /home/bjheinen/cpre381/CPRE-381-Project-main/cpre-381-toolflow-fall-2021-v5/src/MIPS_Processor.vhd Line: 139
Info (12128): Elaborating entity "mem" for hierarchy "mem:IMem" File: /home/bjheinen/cpre381/CPRE-381-Project-main/cpre-381-toolflow-fall-2021-v5/src/MIPS_Processor.vhd Line: 454
Info (12128): Elaborating entity "fetchLogic" for hierarchy "fetchLogic:fetch" File: /home/bjheinen/cpre381/CPRE-381-Project-main/cpre-381-toolflow-fall-2021-v5/src/MIPS_Processor.vhd Line: 475
Warning (10036): Verilog HDL or VHDL warning at fetchLogic.vhd(66): object "s_Throw" assigned a value but never read File: /home/bjheinen/cpre381/CPRE-381-Project-main/cpre-381-toolflow-fall-2021-v5/src/fetchLogic.vhd Line: 66
Info (12128): Elaborating entity "pc" for hierarchy "fetchLogic:fetch|pc:pc1" File: /home/bjheinen/cpre381/CPRE-381-Project-main/cpre-381-toolflow-fall-2021-v5/src/fetchLogic.vhd Line: 71
Info (12128): Elaborating entity "adder_N" for hierarchy "fetchLogic:fetch|adder_N:addPC" File: /home/bjheinen/cpre381/CPRE-381-Project-main/cpre-381-toolflow-fall-2021-v5/src/fetchLogic.vhd Line: 81
Info (12128): Elaborating entity "adder" for hierarchy "fetchLogic:fetch|adder_N:addPC|adder:\G_NBit_Adder:0:adderN" File: /home/bjheinen/cpre381/CPRE-381-Project-main/cpre-381-toolflow-fall-2021-v5/src/adder_N.vhd Line: 51
Info (12128): Elaborating entity "xorg2" for hierarchy "fetchLogic:fetch|adder_N:addPC|adder:\G_NBit_Adder:0:adderN|xorg2:xor1" File: /home/bjheinen/cpre381/CPRE-381-Project-main/cpre-381-toolflow-fall-2021-v5/src/adder.vhd Line: 59
Info (12128): Elaborating entity "andg2" for hierarchy "fetchLogic:fetch|adder_N:addPC|adder:\G_NBit_Adder:0:adderN|andg2:and1" File: /home/bjheinen/cpre381/CPRE-381-Project-main/cpre-381-toolflow-fall-2021-v5/src/adder.vhd Line: 68
Info (12128): Elaborating entity "org2" for hierarchy "fetchLogic:fetch|adder_N:addPC|adder:\G_NBit_Adder:0:adderN|org2:or1" File: /home/bjheinen/cpre381/CPRE-381-Project-main/cpre-381-toolflow-fall-2021-v5/src/adder.vhd Line: 78
Info (12128): Elaborating entity "IF_ID_reg" for hierarchy "IF_ID_reg:IFID" File: /home/bjheinen/cpre381/CPRE-381-Project-main/cpre-381-toolflow-fall-2021-v5/src/MIPS_Processor.vhd Line: 483
Info (12128): Elaborating entity "dffg_N" for hierarchy "IF_ID_reg:IFID|dffg_N:x1" File: /home/bjheinen/cpre381/CPRE-381-Project-main/cpre-381-toolflow-fall-2021-v5/src/IF_ID_Reg.vhd Line: 27
Info (12128): Elaborating entity "dffg" for hierarchy "IF_ID_reg:IFID|dffg_N:x1|dffg:\G_NBit_DFFG:0:ONESCOMPI" File: /home/bjheinen/cpre381/CPRE-381-Project-main/cpre-381-toolflow-fall-2021-v5/src/dffg_N.vhd Line: 29
Info (12128): Elaborating entity "Control_Logic" for hierarchy "Control_Logic:control" File: /home/bjheinen/cpre381/CPRE-381-Project-main/cpre-381-toolflow-fall-2021-v5/src/MIPS_Processor.vhd Line: 496
Warning (10631): VHDL Process Statement warning at Control_Logic.vhd(29): inferring latch(es) for signal or variable "o_BranchNot", which holds its previous value in one or more paths through the process File: /home/bjheinen/cpre381/CPRE-381-Project-main/cpre-381-toolflow-fall-2021-v5/src/Control_Logic.vhd Line: 29
Info (10041): Inferred latch for "o_BranchNot" at Control_Logic.vhd(29) File: /home/bjheinen/cpre381/CPRE-381-Project-main/cpre-381-toolflow-fall-2021-v5/src/Control_Logic.vhd Line: 29
Info (12128): Elaborating entity "registerFile" for hierarchy "registerFile:regFile" File: /home/bjheinen/cpre381/CPRE-381-Project-main/cpre-381-toolflow-fall-2021-v5/src/MIPS_Processor.vhd Line: 515
Warning (10540): VHDL Signal Declaration warning at registerFile.vhd(94): used explicit default value for signal "s_zeros" because signal was never assigned a value File: /home/bjheinen/cpre381/CPRE-381-Project-main/cpre-381-toolflow-fall-2021-v5/src/registerFile.vhd Line: 94
Info (12128): Elaborating entity "fiveTo32Decoder" for hierarchy "registerFile:regFile|fiveTo32Decoder:dec32" File: /home/bjheinen/cpre381/CPRE-381-Project-main/cpre-381-toolflow-fall-2021-v5/src/registerFile.vhd Line: 100
Info (12128): Elaborating entity "register_N" for hierarchy "registerFile:regFile|register_N:\G_reg:0:reg_N" File: /home/bjheinen/cpre381/CPRE-381-Project-main/cpre-381-toolflow-fall-2021-v5/src/registerFile.vhd Line: 109
Info (12128): Elaborating entity "mux32to1_N" for hierarchy "registerFile:regFile|mux32to1_N:mux32_0" File: /home/bjheinen/cpre381/CPRE-381-Project-main/cpre-381-toolflow-fall-2021-v5/src/registerFile.vhd Line: 117
Info (12128): Elaborating entity "mux4to1_N" for hierarchy "registerFile:regFile|mux32to1_N:mux32_0|mux4to1_N:mux0" File: /home/bjheinen/cpre381/CPRE-381-Project-main/cpre-381-toolflow-fall-2021-v5/src/mux32to1_N.vhd Line: 87
Info (12128): Elaborating entity "mux2to1_N" for hierarchy "registerFile:regFile|mux32to1_N:mux32_0|mux4to1_N:mux0|mux2to1_N:mux0" File: /home/bjheinen/cpre381/CPRE-381-Project-main/cpre-381-toolflow-fall-2021-v5/src/mux4to1_N.vhd Line: 45
Info (12128): Elaborating entity "mux2to1" for hierarchy "registerFile:regFile|mux32to1_N:mux32_0|mux4to1_N:mux0|mux2to1_N:mux0|mux2to1:\G_NBit_MUX:0:MUXI" File: /home/bjheinen/cpre381/CPRE-381-Project-main/cpre-381-toolflow-fall-2021-v5/src/mux2to1_N.vhd Line: 44
Info (12128): Elaborating entity "invg" for hierarchy "registerFile:regFile|mux32to1_N:mux32_0|mux4to1_N:mux0|mux2to1_N:mux0|mux2to1:\G_NBit_MUX:0:MUXI|invg:si" File: /home/bjheinen/cpre381/CPRE-381-Project-main/cpre-381-toolflow-fall-2021-v5/src/mux2to1.vhd Line: 50
Info (12128): Elaborating entity "bitExtender" for hierarchy "bitExtender:bitExtend" File: /home/bjheinen/cpre381/CPRE-381-Project-main/cpre-381-toolflow-fall-2021-v5/src/MIPS_Processor.vhd Line: 529
Info (12128): Elaborating entity "barrelShifter" for hierarchy "barrelShifter:leftShift2Jump" File: /home/bjheinen/cpre381/CPRE-381-Project-main/cpre-381-toolflow-fall-2021-v5/src/MIPS_Processor.vhd Line: 536
Info (12128): Elaborating entity "bitFlipper" for hierarchy "barrelShifter:leftShift2Jump|bitFlipper:flipInput" File: /home/bjheinen/cpre381/CPRE-381-Project-main/cpre-381-toolflow-fall-2021-v5/src/barrelShifter.vhd Line: 50
Info (12128): Elaborating entity "rightBarrelShifter" for hierarchy "barrelShifter:leftShift2Jump|rightBarrelShifter:rbs" File: /home/bjheinen/cpre381/CPRE-381-Project-main/cpre-381-toolflow-fall-2021-v5/src/barrelShifter.vhd Line: 64
Info (12128): Elaborating entity "ID_EX_reg" for hierarchy "ID_EX_reg:IDEX" File: /home/bjheinen/cpre381/CPRE-381-Project-main/cpre-381-toolflow-fall-2021-v5/src/MIPS_Processor.vhd Line: 550
Info (12128): Elaborating entity "dffg_N" for hierarchy "ID_EX_reg:IDEX|dffg_N:x5" File: /home/bjheinen/cpre381/CPRE-381-Project-main/cpre-381-toolflow-fall-2021-v5/src/ID_EX_Reg.vhd Line: 123
Info (12128): Elaborating entity "dffg_N" for hierarchy "ID_EX_reg:IDEX|dffg_N:x22" File: /home/bjheinen/cpre381/CPRE-381-Project-main/cpre-381-toolflow-fall-2021-v5/src/ID_EX_Reg.vhd Line: 139
Info (12128): Elaborating entity "dffg_N" for hierarchy "ID_EX_reg:IDEX|dffg_N:x7" File: /home/bjheinen/cpre381/CPRE-381-Project-main/cpre-381-toolflow-fall-2021-v5/src/ID_EX_Reg.vhd Line: 147
Info (12128): Elaborating entity "ALU" for hierarchy "ALU:alu0" File: /home/bjheinen/cpre381/CPRE-381-Project-main/cpre-381-toolflow-fall-2021-v5/src/MIPS_Processor.vhd Line: 640
Warning (10541): VHDL Signal Declaration warning at ALU.vhd(118): used implicit default value for signal "s_F_sra" because signal was never assigned a value or an explicit default value. Use of implicit default value may introduce unintended design optimizations. File: /home/bjheinen/cpre381/CPRE-381-Project-main/cpre-381-toolflow-fall-2021-v5/src/ALU.vhd Line: 118
Warning (10541): VHDL Signal Declaration warning at ALU.vhd(118): used implicit default value for signal "s_F_repl" because signal was never assigned a value or an explicit default value. Use of implicit default value may introduce unintended design optimizations. File: /home/bjheinen/cpre381/CPRE-381-Project-main/cpre-381-toolflow-fall-2021-v5/src/ALU.vhd Line: 118
Warning (10036): Verilog HDL or VHDL warning at ALU.vhd(119): object "s_slt_C" assigned a value but never read File: /home/bjheinen/cpre381/CPRE-381-Project-main/cpre-381-toolflow-fall-2021-v5/src/ALU.vhd Line: 119
Warning (10036): Verilog HDL or VHDL warning at ALU.vhd(119): object "s_C" assigned a value but never read File: /home/bjheinen/cpre381/CPRE-381-Project-main/cpre-381-toolflow-fall-2021-v5/src/ALU.vhd Line: 119
Warning (10036): Verilog HDL or VHDL warning at ALU.vhd(120): object "s_Throw" assigned a value but never read File: /home/bjheinen/cpre381/CPRE-381-Project-main/cpre-381-toolflow-fall-2021-v5/src/ALU.vhd Line: 120
Info (12128): Elaborating entity "addsub_N" for hierarchy "ALU:alu0|addsub_N:addSub" File: /home/bjheinen/cpre381/CPRE-381-Project-main/cpre-381-toolflow-fall-2021-v5/src/ALU.vhd Line: 133
Info (12128): Elaborating entity "invg_N" for hierarchy "ALU:alu0|addsub_N:addSub|invg_N:invgN" File: /home/bjheinen/cpre381/CPRE-381-Project-main/cpre-381-toolflow-fall-2021-v5/src/addsub_N.vhd Line: 84
Info (12128): Elaborating entity "barrelShifter" for hierarchy "ALU:alu0|barrelShifter:shifterleft" File: /home/bjheinen/cpre381/CPRE-381-Project-main/cpre-381-toolflow-fall-2021-v5/src/ALU.vhd Line: 171
Info (12128): Elaborating entity "mux16to1_N" for hierarchy "ALU:alu0|mux16to1_N:muxB" File: /home/bjheinen/cpre381/CPRE-381-Project-main/cpre-381-toolflow-fall-2021-v5/src/ALU.vhd Line: 222
Info (12128): Elaborating entity "ALU_contr" for hierarchy "ALU_contr:alu_control" File: /home/bjheinen/cpre381/CPRE-381-Project-main/cpre-381-toolflow-fall-2021-v5/src/MIPS_Processor.vhd Line: 652
Info (12128): Elaborating entity "mux2to1_N" for hierarchy "mux2to1_N:mux0" File: /home/bjheinen/cpre381/CPRE-381-Project-main/cpre-381-toolflow-fall-2021-v5/src/MIPS_Processor.vhd Line: 660
Info (12128): Elaborating entity "EX_MEM_reg" for hierarchy "EX_MEM_reg:EXMEM" File: /home/bjheinen/cpre381/CPRE-381-Project-main/cpre-381-toolflow-fall-2021-v5/src/MIPS_Processor.vhd Line: 676
Info (12128): Elaborating entity "MEM_WB_reg" for hierarchy "MEM_WB_reg:MEMWB" File: /home/bjheinen/cpre381/CPRE-381-Project-main/cpre-381-toolflow-fall-2021-v5/src/MIPS_Processor.vhd Line: 740
Info (19000): Inferred 3 megafunctions from design logic
    Info (276029): Inferred altsyncram megafunction from the following design logic: "mem:IMem|ram_rtl_0" 
        Info (286033): Parameter OPERATION_MODE set to SINGLE_PORT
        Info (286033): Parameter WIDTH_A set to 32
        Info (286033): Parameter WIDTHAD_A set to 10
        Info (286033): Parameter NUMWORDS_A set to 1024
        Info (286033): Parameter OUTDATA_REG_A set to UNREGISTERED
        Info (286033): Parameter ADDRESS_ACLR_A set to NONE
        Info (286033): Parameter OUTDATA_ACLR_A set to NONE
        Info (286033): Parameter READ_DURING_WRITE_MODE_PORT_A set to OLD_DATA
        Info (286033): Parameter INDATA_ACLR_A set to NONE
        Info (286033): Parameter WRCONTROL_ACLR_A set to NONE
    Info (276029): Inferred altsyncram megafunction from the following design logic: "mem:DMem|ram_rtl_0" 
        Info (286033): Parameter OPERATION_MODE set to SINGLE_PORT
        Info (286033): Parameter WIDTH_A set to 32
        Info (286033): Parameter WIDTHAD_A set to 10
        Info (286033): Parameter NUMWORDS_A set to 1024
        Info (286033): Parameter OUTDATA_REG_A set to UNREGISTERED
        Info (286033): Parameter ADDRESS_ACLR_A set to NONE
        Info (286033): Parameter OUTDATA_ACLR_A set to NONE
        Info (286033): Parameter READ_DURING_WRITE_MODE_PORT_A set to OLD_DATA
        Info (286033): Parameter INDATA_ACLR_A set to NONE
        Info (286033): Parameter WRCONTROL_ACLR_A set to NONE
    Info (276034): Inferred altshift_taps megafunction from the following design logic: "ID_EX_reg:IDEX|dffg:x11|s_Q_rtl_0"
        Info (286033): Parameter NUMBER_OF_TAPS set to 1
        Info (286033): Parameter TAP_DISTANCE set to 3
        Info (286033): Parameter WIDTH set to 16
Info (12130): Elaborated megafunction instantiation "mem:IMem|altsyncram:ram_rtl_0"
Info (12133): Instantiated megafunction "mem:IMem|altsyncram:ram_rtl_0" with the following parameter:
    Info (12134): Parameter "OPERATION_MODE" = "SINGLE_PORT"
    Info (12134): Parameter "WIDTH_A" = "32"
    Info (12134): Parameter "WIDTHAD_A" = "10"
    Info (12134): Parameter "NUMWORDS_A" = "1024"
    Info (12134): Parameter "OUTDATA_REG_A" = "UNREGISTERED"
    Info (12134): Parameter "ADDRESS_ACLR_A" = "NONE"
    Info (12134): Parameter "OUTDATA_ACLR_A" = "NONE"
    Info (12134): Parameter "READ_DURING_WRITE_MODE_PORT_A" = "OLD_DATA"
    Info (12134): Parameter "INDATA_ACLR_A" = "NONE"
    Info (12134): Parameter "WRCONTROL_ACLR_A" = "NONE"
Info (12021): Found 1 design units, including 1 entities, in source file db/altsyncram_eg81.tdf
    Info (12023): Found entity 1: altsyncram_eg81 File: /home/bjheinen/cpre381/CPRE-381-Project-main/cpre-381-toolflow-fall-2021-v5/internal/QuartusWork/db/altsyncram_eg81.tdf Line: 28
Info (12130): Elaborated megafunction instantiation "ID_EX_reg:IDEX|dffg:x11|altshift_taps:s_Q_rtl_0"
Info (12133): Instantiated megafunction "ID_EX_reg:IDEX|dffg:x11|altshift_taps:s_Q_rtl_0" with the following parameter:
    Info (12134): Parameter "NUMBER_OF_TAPS" = "1"
    Info (12134): Parameter "TAP_DISTANCE" = "3"
    Info (12134): Parameter "WIDTH" = "16"
Info (12021): Found 1 design units, including 1 entities, in source file db/shift_taps_ekm.tdf
    Info (12023): Found entity 1: shift_taps_ekm File: /home/bjheinen/cpre381/CPRE-381-Project-main/cpre-381-toolflow-fall-2021-v5/internal/QuartusWork/db/shift_taps_ekm.tdf Line: 31
Info (12021): Found 1 design units, including 1 entities, in source file db/altsyncram_1961.tdf
    Info (12023): Found entity 1: altsyncram_1961 File: /home/bjheinen/cpre381/CPRE-381-Project-main/cpre-381-toolflow-fall-2021-v5/internal/QuartusWork/db/altsyncram_1961.tdf Line: 28
Info (12021): Found 1 design units, including 1 entities, in source file db/add_sub_24e.tdf
    Info (12023): Found entity 1: add_sub_24e File: /home/bjheinen/cpre381/CPRE-381-Project-main/cpre-381-toolflow-fall-2021-v5/internal/QuartusWork/db/add_sub_24e.tdf Line: 23
Info (12021): Found 1 design units, including 1 entities, in source file db/cntr_6pf.tdf
    Info (12023): Found entity 1: cntr_6pf File: /home/bjheinen/cpre381/CPRE-381-Project-main/cpre-381-toolflow-fall-2021-v5/internal/QuartusWork/db/cntr_6pf.tdf Line: 25
Info (12021): Found 1 design units, including 1 entities, in source file db/cmpr_ogc.tdf
    Info (12023): Found entity 1: cmpr_ogc File: /home/bjheinen/cpre381/CPRE-381-Project-main/cpre-381-toolflow-fall-2021-v5/internal/QuartusWork/db/cmpr_ogc.tdf Line: 23
Info (12021): Found 1 design units, including 1 entities, in source file db/cntr_p8h.tdf
    Info (12023): Found entity 1: cntr_p8h File: /home/bjheinen/cpre381/CPRE-381-Project-main/cpre-381-toolflow-fall-2021-v5/internal/QuartusWork/db/cntr_p8h.tdf Line: 26
Info (13000): Registers with preset signals will power-up high File: /home/bjheinen/cpre381/CPRE-381-Project-main/cpre-381-toolflow-fall-2021-v5/src/PCReg.vhd Line: 53
Info (13003): DEV_CLRn pin will set, and not reset, register with preset signal due to NOT Gate Push-Back
Info (286030): Timing-Driven Synthesis is running
Info (16010): Generating hard_block partition "hard_block:auto_generated_inst"
    Info (16011): Adding 0 node(s), including 0 DDIO, 0 PLL, 0 transceiver and 0 LCELL
Warning (21074): Design contains 22 input pin(s) that do not drive logic
    Warning (15610): No output dependent on input pin "iInstAddr[0]" File: /home/bjheinen/cpre381/CPRE-381-Project-main/cpre-381-toolflow-fall-2021-v5/src/MIPS_Processor.vhd Line: 24
    Warning (15610): No output dependent on input pin "iInstAddr[1]" File: /home/bjheinen/cpre381/CPRE-381-Project-main/cpre-381-toolflow-fall-2021-v5/src/MIPS_Processor.vhd Line: 24
    Warning (15610): No output dependent on input pin "iInstAddr[12]" File: /home/bjheinen/cpre381/CPRE-381-Project-main/cpre-381-toolflow-fall-2021-v5/src/MIPS_Processor.vhd Line: 24
    Warning (15610): No output dependent on input pin "iInstAddr[13]" File: /home/bjheinen/cpre381/CPRE-381-Project-main/cpre-381-toolflow-fall-2021-v5/src/MIPS_Processor.vhd Line: 24
    Warning (15610): No output dependent on input pin "iInstAddr[14]" File: /home/bjheinen/cpre381/CPRE-381-Project-main/cpre-381-toolflow-fall-2021-v5/src/MIPS_Processor.vhd Line: 24
    Warning (15610): No output dependent on input pin "iInstAddr[15]" File: /home/bjheinen/cpre381/CPRE-381-Project-main/cpre-381-toolflow-fall-2021-v5/src/MIPS_Processor.vhd Line: 24
    Warning (15610): No output dependent on input pin "iInstAddr[16]" File: /home/bjheinen/cpre381/CPRE-381-Project-main/cpre-381-toolflow-fall-2021-v5/src/MIPS_Processor.vhd Line: 24
    Warning (15610): No output dependent on input pin "iInstAddr[17]" File: /home/bjheinen/cpre381/CPRE-381-Project-main/cpre-381-toolflow-fall-2021-v5/src/MIPS_Processor.vhd Line: 24
    Warning (15610): No output dependent on input pin "iInstAddr[18]" File: /home/bjheinen/cpre381/CPRE-381-Project-main/cpre-381-toolflow-fall-2021-v5/src/MIPS_Processor.vhd Line: 24
    Warning (15610): No output dependent on input pin "iInstAddr[19]" File: /home/bjheinen/cpre381/CPRE-381-Project-main/cpre-381-toolflow-fall-2021-v5/src/MIPS_Processor.vhd Line: 24
    Warning (15610): No output dependent on input pin "iInstAddr[20]" File: /home/bjheinen/cpre381/CPRE-381-Project-main/cpre-381-toolflow-fall-2021-v5/src/MIPS_Processor.vhd Line: 24
    Warning (15610): No output dependent on input pin "iInstAddr[21]" File: /home/bjheinen/cpre381/CPRE-381-Project-main/cpre-381-toolflow-fall-2021-v5/src/MIPS_Processor.vhd Line: 24
    Warning (15610): No output dependent on input pin "iInstAddr[22]" File: /home/bjheinen/cpre381/CPRE-381-Project-main/cpre-381-toolflow-fall-2021-v5/src/MIPS_Processor.vhd Line: 24
    Warning (15610): No output dependent on input pin "iInstAddr[23]" File: /home/bjheinen/cpre381/CPRE-381-Project-main/cpre-381-toolflow-fall-2021-v5/src/MIPS_Processor.vhd Line: 24
    Warning (15610): No output dependent on input pin "iInstAddr[24]" File: /home/bjheinen/cpre381/CPRE-381-Project-main/cpre-381-toolflow-fall-2021-v5/src/MIPS_Processor.vhd Line: 24
    Warning (15610): No output dependent on input pin "iInstAddr[25]" File: /home/bjheinen/cpre381/CPRE-381-Project-main/cpre-381-toolflow-fall-2021-v5/src/MIPS_Processor.vhd Line: 24
    Warning (15610): No output dependent on input pin "iInstAddr[26]" File: /home/bjheinen/cpre381/CPRE-381-Project-main/cpre-381-toolflow-fall-2021-v5/src/MIPS_Processor.vhd Line: 24
    Warning (15610): No output dependent on input pin "iInstAddr[27]" File: /home/bjheinen/cpre381/CPRE-381-Project-main/cpre-381-toolflow-fall-2021-v5/src/MIPS_Processor.vhd Line: 24
    Warning (15610): No output dependent on input pin "iInstAddr[28]" File: /home/bjheinen/cpre381/CPRE-381-Project-main/cpre-381-toolflow-fall-2021-v5/src/MIPS_Processor.vhd Line: 24
    Warning (15610): No output dependent on input pin "iInstAddr[29]" File: /home/bjheinen/cpre381/CPRE-381-Project-main/cpre-381-toolflow-fall-2021-v5/src/MIPS_Processor.vhd Line: 24
    Warning (15610): No output dependent on input pin "iInstAddr[30]" File: /home/bjheinen/cpre381/CPRE-381-Project-main/cpre-381-toolflow-fall-2021-v5/src/MIPS_Processor.vhd Line: 24
    Warning (15610): No output dependent on input pin "iInstAddr[31]" File: /home/bjheinen/cpre381/CPRE-381-Project-main/cpre-381-toolflow-fall-2021-v5/src/MIPS_Processor.vhd Line: 24
Info (21057): Implemented 3811 device resources after synthesis - the final resource count might be different
    Info (21058): Implemented 67 input pins
    Info (21059): Implemented 32 output pins
    Info (21061): Implemented 3632 logic cells
    Info (21064): Implemented 80 RAM segments
Info: Quartus Prime Analysis & Synthesis was successful. 0 errors, 36 warnings
    Info: Peak virtual memory: 710 megabytes
    Info: Processing ended: Mon Dec  6 14:50:07 2021
    Info: Elapsed time: 00:00:31
    Info: Total CPU time (on all processors): 00:00:41
Info (125069): Default assignment values were changed in the current version of the Quartus Prime software -- changes to default assignments values are contained in file /usr/local/usr/local/quartus/20.1/quartus/linux64/assignment_defaults.qdf
Info: *******************************************************************
Info: Running Quartus Prime Fitter
    Info: Version 20.1.1 Build 720 11/11/2020 SJ Standard Edition
    Info: Copyright (C) 2020  Intel Corporation. All rights reserved.
    Info: Your use of Intel Corporation's design tools, logic functions 
    Info: and other software and tools, and any partner logic 
    Info: functions, and any output files from any of the foregoing 
    Info: (including device programming or simulation files), and any 
    Info: associated documentation or information are expressly subject 
    Info: to the terms and conditions of the Intel Program License 
    Info: Subscription Agreement, the Intel Quartus Prime License Agreement,
    Info: the Intel FPGA IP License Agreement, or other applicable license
    Info: agreement, including, without limitation, that your use is for
    Info: the sole purpose of programming logic devices manufactured by
    Info: Intel and sold by Intel or its authorized distributors.  Please
    Info: refer to the applicable agreement for further details, at
    Info: https://fpgasoftware.intel.com/eula.
    Info: Processing started: Mon Dec  6 14:50:08 2021
Info: Command: quartus_fit --read_settings_files=on --write_settings_files=off toolflow -c toolflow
Info: qfit2_default_script.tcl version: #1
Info: Project  = toolflow
Info: Revision = toolflow
Warning (18236): Number of processors has not been specified which may cause overloading on shared machines.  Set the global assignment NUM_PARALLEL_PROCESSORS in your QSF to an appropriate value for best performance.
Info (20030): Parallel compilation is enabled and will use 4 of the 4 processors detected
Info (119006): Selected device EP4CE115F29C7 for design "toolflow"
Info (21076): High junction temperature operating condition is not set. Assuming a default value of '85'.
Info (21076): Low junction temperature operating condition is not set. Assuming a default value of '0'.
Info (171003): Fitter is performing an Auto Fit compilation, which may decrease Fitter effort to reduce compilation time
Info (176444): Device migration not selected. If you intend to use device migration later, you may need to change the pin assignments as they may be incompatible with other devices
    Info (176445): Device EP4CE40F29C7 is compatible
    Info (176445): Device EP4CE40F29I7 is compatible
    Info (176445): Device EP4CE30F29C7 is compatible
    Info (176445): Device EP4CE30F29I7 is compatible
    Info (176445): Device EP4CE55F29C7 is compatible
    Info (176445): Device EP4CE55F29I7 is compatible
    Info (176445): Device EP4CE75F29C7 is compatible
    Info (176445): Device EP4CE75F29I7 is compatible
    Info (176445): Device EP4CE115F29I7 is compatible
Info (169124): Fitter converted 5 user pins into dedicated programming pins
    Info (169125): Pin ~ALTERA_ASDO_DATA1~ is reserved at location F4
    Info (169125): Pin ~ALTERA_FLASH_nCE_nCSO~ is reserved at location E2
    Info (169125): Pin ~ALTERA_DCLK~ is reserved at location P3
    Info (169125): Pin ~ALTERA_DATA0~ is reserved at location N7
    Info (169125): Pin ~ALTERA_nCEO~ is reserved at location P28
Warning (15714): Some pins have incomplete I/O assignments. Refer to the I/O Assignment Warnings report for details
Info (176045): Design uses memory blocks. Violating setup or hold times of memory block address registers for either read or write operations could cause memory contents to be corrupted. Make sure that all memory block address registers meet the setup and hold time requirements.
Critical Warning (169085): No exact pin location assignment(s) for 99 pins of 99 total pins. For the list of pins please refer to the I/O Assignment Warnings table in the fitter report.
Info (332104): Reading SDC File: 'toolflow.sdc'
Info (332129): Detected timing requirements -- optimizing circuit to achieve only the specified requirements
Info (332111): Found 1 clocks
    Info (332111):   Period   Clock Name
    Info (332111): ======== ============
    Info (332111):   20.000         iCLK
Info (176353): Automatically promoted node iCLK~input (placed in PIN J1 (CLK1, DIFFCLK_0n)) File: /home/bjheinen/cpre381/CPRE-381-Project-main/cpre-381-toolflow-fall-2021-v5/src/MIPS_Processor.vhd Line: 21
    Info (176355): Automatically promoted destinations to use location or clock signal Global Clock CLKCTRL_G2
Info (176353): Automatically promoted node iRST~input (placed in PIN Y2 (CLK2, DIFFCLK_1p)) File: /home/bjheinen/cpre381/CPRE-381-Project-main/cpre-381-toolflow-fall-2021-v5/src/MIPS_Processor.vhd Line: 22
    Info (176355): Automatically promoted destinations to use location or clock signal Global Clock CLKCTRL_G4
Info (176233): Starting register packing
Info (176235): Finished register packing
    Extra Info (176219): No registers were packed into other blocks
Info (176214): Statistics of I/O pins that need to be placed that use the same VCCIO and VREF, before I/O pin placement
    Info (176211): Number of I/O pins in group: 97 (unused VREF, 2.5V VCCIO, 65 input, 32 output, 0 bidirectional)
        Info (176212): I/O standards used: 2.5 V.
Info (176215): I/O bank details before I/O pin placement
    Info (176214): Statistics of I/O banks
        Info (176213): I/O bank number 1 does not use VREF pins and has undetermined VCCIO pins. 5 total pin(s) used --  51 pins available
        Info (176213): I/O bank number 2 does not use VREF pins and has undetermined VCCIO pins. 1 total pin(s) used --  62 pins available
        Info (176213): I/O bank number 3 does not use VREF pins and has undetermined VCCIO pins. 0 total pin(s) used --  73 pins available
        Info (176213): I/O bank number 4 does not use VREF pins and has undetermined VCCIO pins. 0 total pin(s) used --  71 pins available
        Info (176213): I/O bank number 5 does not use VREF pins and has undetermined VCCIO pins. 0 total pin(s) used --  65 pins available
        Info (176213): I/O bank number 6 does not use VREF pins and has undetermined VCCIO pins. 1 total pin(s) used --  57 pins available
        Info (176213): I/O bank number 7 does not use VREF pins and has undetermined VCCIO pins. 0 total pin(s) used --  72 pins available
        Info (176213): I/O bank number 8 does not use VREF pins and has undetermined VCCIO pins. 0 total pin(s) used --  71 pins available
Info (171121): Fitter preparation operations ending: elapsed time is 00:00:03
Info (14896): Fitter has disabled Advanced Physical Optimization because it is not supported for the current family.
Info (170189): Fitter placement preparation operations beginning
Info (170190): Fitter placement preparation operations ending: elapsed time is 00:00:01
Info (170191): Fitter placement operations beginning
Info (170137): Fitter placement was successful
Info (170192): Fitter placement operations ending: elapsed time is 00:00:03
Info (170193): Fitter routing operations beginning
Info (170195): Router estimated average interconnect usage is 1% of the available device resources
    Info (170196): Router estimated peak interconnect usage is 30% of the available device resources in the region that extends from location X58_Y24 to location X68_Y36
Info (170199): The Fitter performed an Auto Fit compilation.  Optimizations were skipped to reduce compilation time.
    Info (170201): Optimizations that may affect the design's routability were skipped
    Info (170200): Optimizations that may affect the design's timing were skipped
Info (170194): Fitter routing operations ending: elapsed time is 00:00:03
Info (11888): Total time spent on timing analysis during the Fitter is 0.99 seconds.
Info (334003): Started post-fitting delay annotation
Info (334004): Delay annotation completed successfully
Info (334003): Started post-fitting delay annotation
Info (334004): Delay annotation completed successfully
Info (11218): Fitter post-fit operations ending: elapsed time is 00:00:02
Info (144001): Generated suppressed messages file /home/bjheinen/cpre381/CPRE-381-Project-main/cpre-381-toolflow-fall-2021-v5/internal/QuartusWork/output_files/toolflow.fit.smsg
Info: Quartus Prime Fitter was successful. 0 errors, 3 warnings
    Info: Peak virtual memory: 1351 megabytes
    Info: Processing ended: Mon Dec  6 14:50:29 2021
    Info: Elapsed time: 00:00:21
    Info: Total CPU time (on all processors): 00:00:32
Info: *******************************************************************
Info: Running Quartus Prime Assembler
    Info: Version 20.1.1 Build 720 11/11/2020 SJ Standard Edition
    Info: Copyright (C) 2020  Intel Corporation. All rights reserved.
    Info: Your use of Intel Corporation's design tools, logic functions 
    Info: and other software and tools, and any partner logic 
    Info: functions, and any output files from any of the foregoing 
    Info: (including device programming or simulation files), and any 
    Info: associated documentation or information are expressly subject 
    Info: to the terms and conditions of the Intel Program License 
    Info: Subscription Agreement, the Intel Quartus Prime License Agreement,
    Info: the Intel FPGA IP License Agreement, or other applicable license
    Info: agreement, including, without limitation, that your use is for
    Info: the sole purpose of programming logic devices manufactured by
    Info: Intel and sold by Intel or its authorized distributors.  Please
    Info: refer to the applicable agreement for further details, at
    Info: https://fpgasoftware.intel.com/eula.
    Info: Processing started: Mon Dec  6 14:50:30 2021
Info: Command: quartus_asm --read_settings_files=on --write_settings_files=off toolflow -c toolflow
Info (125069): Default assignment values were changed in the current version of the Quartus Prime software -- changes to default assignments values are contained in file /usr/local/usr/local/quartus/20.1/quartus/linux64/assignment_defaults.qdf
Warning (18236): Number of processors has not been specified which may cause overloading on shared machines.  Set the global assignment NUM_PARALLEL_PROCESSORS in your QSF to an appropriate value for best performance.
Info (115031): Writing out detailed assembly data for power analysis
Info (115030): Assembler is generating device programming files
Info: Quartus Prime Assembler was successful. 0 errors, 1 warning
    Info: Peak virtual memory: 523 megabytes
    Info: Processing ended: Mon Dec  6 14:50:33 2021
    Info: Elapsed time: 00:00:03
    Info: Total CPU time (on all processors): 00:00:03
